<?xml version="1.0" encoding="UTF-8"?>
<testng-results ignored="0" total="1" passed="0" failed="1" skipped="0">
  <reporter-output>
    <line>
      <![CDATA[launching the browser]]>
    </line>
    <line>
      <![CDATA[waiting for millisenconds 1000]]>
    </line>
    <line>
      <![CDATA[sending mobile number]]>
    </line>
    <line>
      <![CDATA[clicking on sign up button]]>
    </line>
    <line>
      <![CDATA[waiting for millisenconds 10000]]>
    </line>
    <line>
      <![CDATA[sending password]]>
    </line>
    <line>
      <![CDATA[scrolling to element ]]>
    </line>
    <line>
      <![CDATA[getting actual userId Hi Ajinkya Pawar]]>
    </line>
    <line>
      <![CDATA[taking screenshot]]>
    </line>
    <line>
      <![CDATA[TC ValidateNeoStoxUserNameis failed]]>
    </line>
    <line>
      <![CDATA[waiting for millisenconds 1000]]>
    </line>
    <line>
      <![CDATA[waiting for millisenconds 1000]]>
    </line>
    <line>
      <![CDATA[gettin logOut from Application]]>
    </line>
    <line>
      <![CDATA[closing Browser]]>
    </line>
  </reporter-output>
  <suite started-at="2022-12-02T23:40:52 IST" name="Default suite" finished-at="2022-12-02T23:41:19 IST" duration-ms="26617">
    <groups>
    </groups>
    <test started-at="2022-12-02T23:40:52 IST" name="Default test" finished-at="2022-12-02T23:41:19 IST" duration-ms="26617">
      <class name="neoStoxTestClasses.ValidateNeoStoxUserNameUsingPropertyFile">
        <test-method is-config="true" signature="launchNeoStox()[pri:0, instance:neoStoxTestClasses.ValidateNeoStoxUserNameUsingPropertyFile@3ce1e309]" started-at="2022-12-02T23:40:52 IST" name="launchNeoStox" finished-at="2022-12-02T23:40:58 IST" duration-ms="5763" status="PASS">
          <reporter-output>
            <line>
              <![CDATA[launching the browser]]>
            </line>
            <line>
              <![CDATA[waiting for millisenconds 1000]]>
            </line>
          </reporter-output>
        </test-method> <!-- launchNeoStox -->
        <test-method is-config="true" signature="loginToNeoStox()[pri:0, instance:neoStoxTestClasses.ValidateNeoStoxUserNameUsingPropertyFile@3ce1e309]" started-at="2022-12-02T23:40:58 IST" name="loginToNeoStox" finished-at="2022-12-02T23:41:17 IST" duration-ms="19619" status="PASS">
          <reporter-output>
            <line>
              <![CDATA[sending mobile number]]>
            </line>
            <line>
              <![CDATA[clicking on sign up button]]>
            </line>
            <line>
              <![CDATA[waiting for millisenconds 10000]]>
            </line>
            <line>
              <![CDATA[sending password]]>
            </line>
            <line>
              <![CDATA[scrolling to element ]]>
            </line>
          </reporter-output>
        </test-method> <!-- loginToNeoStox -->
        <test-method signature="ValidateNeoStoxUserName()[pri:1, instance:neoStoxTestClasses.ValidateNeoStoxUserNameUsingPropertyFile@3ce1e309]" started-at="2022-12-02T23:41:17 IST" name="ValidateNeoStoxUserName" finished-at="2022-12-02T23:41:18 IST" duration-ms="51" status="FAIL">
          <exception class="java.lang.AssertionError">
            <message>
              <![CDATA[TC failed actual and expected are not matching expected [Hi Ajinkya Pa] but found [Hi Ajinkya Pawar]]]>
            </message>
            <full-stacktrace>
              <![CDATA[java.lang.AssertionError: TC failed actual and expected are not matching expected [Hi Ajinkya Pa] but found [Hi Ajinkya Pawar]
at org.testng.Assert.fail(Assert.java:99)
at org.testng.Assert.failNotEquals(Assert.java:1037)
at org.testng.Assert.assertEqualsImpl(Assert.java:140)
at org.testng.Assert.assertEquals(Assert.java:122)
at org.testng.Assert.assertEquals(Assert.java:629)
at neoStoxTestClasses.ValidateNeoStoxUserNameUsingPropertyFile.ValidateNeoStoxUserName(ValidateNeoStoxUserNameUsingPropertyFile.java:55)
at java.base/jdk.internal.reflect.DirectMethodHandleAccessor.invoke(DirectMethodHandleAccessor.java:104)
at java.base/java.lang.reflect.Method.invoke(Method.java:577)
at org.testng.internal.MethodInvocationHelper.invokeMethod(MethodInvocationHelper.java:133)
at org.testng.internal.TestInvoker.invokeMethod(TestInvoker.java:598)
at org.testng.internal.TestInvoker.invokeTestMethod(TestInvoker.java:173)
at org.testng.internal.MethodRunner.runInSequence(MethodRunner.java:46)
at org.testng.internal.TestInvoker$MethodInvocationAgent.invoke(TestInvoker.java:824)
at org.testng.internal.TestInvoker.invokeTestMethods(TestInvoker.java:146)
at org.testng.internal.TestMethodWorker.invokeTestMethods(TestMethodWorker.java:146)
at org.testng.internal.TestMethodWorker.run(TestMethodWorker.java:128)
at java.base/java.util.ArrayList.forEach(ArrayList.java:1511)
at org.testng.TestRunner.privateRun(TestRunner.java:794)
at org.testng.TestRunner.run(TestRunner.java:596)
at org.testng.SuiteRunner.runTest(SuiteRunner.java:377)
at org.testng.SuiteRunner.runSequentially(SuiteRunner.java:371)
at org.testng.SuiteRunner.privateRun(SuiteRunner.java:332)
at org.testng.SuiteRunner.run(SuiteRunner.java:276)
at org.testng.SuiteRunnerWorker.runSuite(SuiteRunnerWorker.java:53)
at org.testng.SuiteRunnerWorker.run(SuiteRunnerWorker.java:96)
at org.testng.TestNG.runSuitesSequentially(TestNG.java:1212)
at org.testng.TestNG.runSuitesLocally(TestNG.java:1134)
at org.testng.TestNG.runSuites(TestNG.java:1063)
at org.testng.TestNG.run(TestNG.java:1031)
at org.testng.remote.AbstractRemoteTestNG.run(AbstractRemoteTestNG.java:115)
at org.testng.remote.RemoteTestNG.initAndRun(RemoteTestNG.java:251)
at org.testng.remote.RemoteTestNG.main(RemoteTestNG.java:77)
]]>
            </full-stacktrace>
          </exception> <!-- java.lang.AssertionError -->
          <reporter-output>
            <line>
              <![CDATA[getting actual userId Hi Ajinkya Pawar]]>
            </line>
            <line>
              <![CDATA[taking screenshot]]>
            </line>
            <line>
              <![CDATA[TC ValidateNeoStoxUserNameis failed]]>
            </line>
          </reporter-output>
        </test-method> <!-- ValidateNeoStoxUserName -->
        <test-method is-config="true" signature="logOut()[pri:0, instance:neoStoxTestClasses.ValidateNeoStoxUserNameUsingPropertyFile@3ce1e309]" started-at="2022-12-02T23:41:18 IST" name="logOut" finished-at="2022-12-02T23:41:18 IST" duration-ms="180" status="PASS">
          <reporter-output>
            <line>
              <![CDATA[waiting for millisenconds 1000]]>
            </line>
            <line>
              <![CDATA[waiting for millisenconds 1000]]>
            </line>
            <line>
              <![CDATA[gettin logOut from Application]]>
            </line>
          </reporter-output>
        </test-method> <!-- logOut -->
        <test-method is-config="true" signature="closingApplication()[pri:0, instance:neoStoxTestClasses.ValidateNeoStoxUserNameUsingPropertyFile@3ce1e309]" started-at="2022-12-02T23:41:18 IST" name="closingApplication" finished-at="2022-12-02T23:41:19 IST" duration-ms="722" status="PASS">
          <reporter-output>
            <line>
              <![CDATA[closing Browser]]>
            </line>
          </reporter-output>
        </test-method> <!-- closingApplication -->
      </class> <!-- neoStoxTestClasses.ValidateNeoStoxUserNameUsingPropertyFile -->
    </test> <!-- Default test -->
  </suite> <!-- Default suite -->
</testng-results>
